Arguments: 
  C:\nodejs\node.exe D:\Programs\yarn\bin\yarn.js install

PATH: 
  C:\Program Files (x86)\Intel\iCLS Client\;C:\Program Files (x86)\Razer Chroma SDK\bin;C:\Program Files\Razer Chroma SDK\bin;C:\Program Files\Intel\iCLS Client\;C:\Windows\system32;C:\Windows;C:\Windows\System32\Wbem;C:\Windows\System32\WindowsPowerShell\v1.0\;C:\Program Files (x86)\NVIDIA Corporation\PhysX\Common;C:\Windows\system32\config\systemprofile\AppData\Local\Microsoft\WindowsApps;C:\Program Files (x86)\Intel\Intel(R) Management Engine Components\DAL;C:\Program Files\Intel\Intel(R) Management Engine Components\DAL;C:\Program Files (x86)\Intel\Intel(R) Management Engine Components\IPT;C:\Program Files\Intel\Intel(R) Management Engine Components\IPT;C:\Program Files\Intel\WiFi\bin\;C:\Program Files\Common Files\Intel\WirelessCommon\;C:\nodejs\;D:\Programs\Microsoft VS Code Insiders\bin;D:\Programs\Git\cmd;D:\xampp\php;d:\composer;D:\Programs\yarn\bin\;%SystemRoot%\system32;%SystemRoot%;%SystemRoot%\System32\Wbem;%SYSTEMROOT%\System32\WindowsPowerShell\v1.0\;%SYSTEMROOT%\System32\OpenSSH\;D:\Programs\Ruby24-x64\bin;D:\Programs\python\Scripts\;D:\Programs\python\;C:\Users\Sagar\AppData\Local\Microsoft\WindowsApps;C:\Users\Sagar\AppData\Roaming\npm;C:\Users\Sagar\AppData\Roaming\Composer\vendor\bin;C:\Users\Sagar\AppData\Local\Yarn\bin;

Yarn version: 
  1.7.0

Node version: 
  8.11.3

Platform: 
  win32 x64

Trace: 
  SyntaxError: D:\Projects\package.json: Unexpected token } in JSON at position 2605
      at JSON.parse (<anonymous>)
      at D:\Programs\yarn\lib\cli.js:1130:59
      at Generator.next (<anonymous>)
      at step (D:\Programs\yarn\lib\cli.js:98:30)
      at D:\Programs\yarn\lib\cli.js:109:13
      at <anonymous>

npm manifest: 
  {
    "name": "angular-template",
    "description": "",
    "homepage": "https://stackblitz.com/edit/angular-user-management",
    "dependencies": {
      "@angular/animations": "^5.0.0",
      "@angular/common": "5.2.8",
      "@angular/compiler": "5.2.8",
      "@angular/core": "5.2.8",
      "@angular/forms": "5.2.8",
      "@angular/http": "^5.0.0",
      "@angular/platform-browser": "5.2.8",
      "@angular/platform-browser-dynamic": "5.2.8",
      "@angular/router": "5.2.8",
      "core-js": "2.5.1",
      "rxjs": "5.5.6",
      "zone.js": "0.8.20",
      "angular2-moment": "1.8.0"
    },
    "version": "0.0.0",
    "license": "MIT",
    "scripts": {
      "ng": "ng",
      "start": "ng serve",
      "build": "ng build",
      "test": "ng test",
      "lint": "ng lint",
      "e2e": "ng e2e"
    },
    "private": true,
    "devDependencies": {
      "@angular/cli": "1.6.7",
      "@angular/compiler-cli": "^5.0.0",
      "@angular/language-service": "^5.0.0",
      "@types/jasmine": "~2.5.53",
      "@types/jasminewd2": "~2.0.2",
      "@types/node": "~6.0.60",
      "codelyzer": "~3.0.1",
      "jasmine-core": "~2.6.2",
      "jasmine-spec-reporter": "~4.1.0",
      "karma": "~1.7.0",
      "karma-chrome-launcher": "~2.1.1",
      "karma-cli": "~1.0.1",
      "karma-coverage-istanbul-reporter": "^1.2.1",
      "karma-jasmine": "~1.1.0",
      "karma-jasmine-html-reporter": "^0.2.2",
      "protractor": "~5.1.2",
      "ts-node": "~3.0.4",
      "tslint": "~5.3.2",
      "typescript": "~2.4.2"
    }
  }

yarn manifest: 
  No manifest

Lockfile: 
  No lockfile
